#
# There is insufficient memory for the Java Runtime Environment to continue.
# Native memory allocation (mmap) failed to map 65536 bytes. Error detail: Failed to commit metaspace.
# Possible reasons:
#   The system is out of physical RAM or swap space
#   This process is running with CompressedOops enabled, and the Java Heap may be blocking the growth of the native heap
# Possible solutions:
#   Reduce memory load on the system
#   Increase physical memory or swap space
#   Check if swap backing store is full
#   Decrease Java heap size (-Xmx/-Xms)
#   Decrease number of Java threads
#   Decrease Java thread stack sizes (-Xss)
#   Set larger code cache with -XX:ReservedCodeCacheSize=
#   JVM is running with Zero Based Compressed Oops mode in which the Java heap is
#     placed in the first 32GB address space. The Java Heap base address is the
#     maximum limit for the native heap growth. Please use -XX:HeapBaseMinAddress
#     to set the Java Heap base and to place the Java Heap above 32GB virtual address.
# This output file may be truncated or incomplete.
#
#  Out of Memory Error (virtualSpaceNode.cpp:112), pid=4208, tid=12252
#
# JRE version: OpenJDK Runtime Environment (22.0+36) (build 22+36-2370)
# Java VM: OpenJDK 64-Bit Server VM (22+36-2370, mixed mode, tiered, compressed oops, compressed class ptrs, g1 gc, windows-amd64)
# No core dump will be written. Minidumps are not enabled by default on client versions of Windows
#

---------------  S U M M A R Y ------------

Command Line: -javaagent:C:\Program Files\JetBrains\IntelliJ IDEA Community Edition 2023.3.5\lib\idea_rt.jar=5291:C:\Program Files\JetBrains\IntelliJ IDEA Community Edition 2023.3.5\bin -Dfile.encoding=UTF-8 -Dsun.stdout.encoding=UTF-8 -Dsun.stderr.encoding=UTF-8 javaOOP.program

Host: Intel(R) Core(TM) i7-4710HQ CPU @ 2.50GHz, 8 cores, 15G,  Windows 10 , 64 bit Build 19041 (10.0.19041.4842)
Time: Wed Nov 20 21:52:29 2024 RTZ 2 (s 10 , 64 bit Build 19041 (10.0.19041.4842) elapsed time: 0.143478 seconds (0d 0h 0m 0s)

---------------  T H R E A D  ---------------

Current thread (0x000002122196df50):  JavaThread "main"             [_thread_in_vm, id=12252, stack(0x000000282bf00000,0x000000282c000000) (1024K)]

Stack: [0x000000282bf00000,0x000000282c000000]
Native frames: (J=compiled Java code, j=interpreted, Vv=VM code, C=native code)
V  [jvm.dll+0x6e2349]  (no source info available)
V  [jvm.dll+0x874ed3]  (no source info available)
V  [jvm.dll+0x8772fe]  (no source info available)
V  [jvm.dll+0x8779d3]  (no source info available)
V  [jvm.dll+0x27fcb6]  (no source info available)
V  [jvm.dll+0x870b1e]  (no source info available)
V  [jvm.dll+0x6853b5]  (no source info available)
V  [jvm.dll+0x68541a]  (no source info available)
V  [jvm.dll+0x687c5a]  (no source info available)
V  [jvm.dll+0x22509c]  (no source info available)
V  [jvm.dll+0x685dce]  (no source info available)
V  [jvm.dll+0x27ca9d]  (no source info available)
V  [jvm.dll+0x27ce61]  (no source info available)
V  [jvm.dll+0x73ab0f]  (no source info available)
V  [jvm.dll+0x73b8ff]  (no source info available)
V  [jvm.dll+0x3c8a4f]  (no source info available)
V  [jvm.dll+0x3c784c]  (no source info available)
V  [jvm.dll+0x3c77e8]  (no source info available)
V  [jvm.dll+0x5ebec9]  (no source info available)
V  [jvm.dll+0x5eae34]  (no source info available)
V  [jvm.dll+0x3dd7ed]  (no source info available)
V  [jvm.dll+0x3dcded]  (no source info available)
C  0x00000212312098b1  (no source info available)

The last pc belongs to invokestatic (printed below).
Java frames: (J=compiled Java code, j=interpreted, Vv=VM code)
j  java.lang.Math.ceil(D)D+1 java.base
j  java.util.HashMap.putMapEntries(Ljava/util/Map;Z)V+26 java.base
j  java.util.HashMap.<init>(Ljava/util/Map;)V+13 java.base
j  jdk.internal.reflect.Reflection.registerFilter(Ljava/util/Map;Ljava/lang/Class;Ljava/util/Set;)Ljava/util/Map;+42 java.base
j  jdk.internal.reflect.Reflection.registerFieldsToFilter(Ljava/lang/Class;Ljava/util/Set;)V+5 java.base
j  java.lang.invoke.MethodHandles$Lookup.<clinit>()V+28 java.base
v  ~StubRoutines::call_stub 0x00000212311f100d
j  java.lang.invoke.MethodHandles.lookup()Ljava/lang/invoke/MethodHandles$Lookup;+18 java.base
j  jdk.internal.access.SharedSecrets.ensureClassInitialized(Ljava/lang/Class;)V+0 java.base
j  jdk.internal.access.SharedSecrets.getJavaLangModuleAccess()Ljdk/internal/access/JavaLangModuleAccess;+10 java.base
j  jdk.internal.module.ModuleBootstrap.<clinit>()V+22 java.base
v  ~StubRoutines::call_stub 0x00000212311f100d
j  java.lang.System.initPhase2(ZZ)I+0 java.base
v  ~StubRoutines::call_stub 0x00000212311f100d
invokestatic  184 invokestatic  [0x0000021231209800, 0x0000021231209ac8]  712 bytes
[MachCode]
  0x0000021231209800: 4883 ec08 | c5fa 1104 | 24eb 1f48 | 83ec 10c5 | fb11 0424 | eb14 4883 | ec10 4889 | 0424 48c7 
  0x0000021231209820: 4424 0800 | 0000 00eb | 0150 488b | 4dd0 410f | b755 0148 | 8b49 306b | d218 488d | 4c11 080f 
  0x0000021231209840: b659 1681 | fbb8 0000 | 000f 84bd | 0000 00bb | b800 0000 | e805 0000 | 00e9 9900 | 0000 488b 
  0x0000021231209860: d348 8d44 | 2408 4c89 | 6dc0 498b | cfc5 f877 | 4989 afb0 | 0300 0049 | 8987 a003 | 0000 4883 
  0x0000021231209880: ec20 40f6 | c40f 0f84 | 1900 0000 | 4883 ec08 | 48b8 80cd | 4268 f97f | 0000 ffd0 | 4883 c408 
  0x00000212312098a0: e90c 0000 | 0048 b880 | cd42 68f9 | 7f00 00ff | d048 83c4 | 2049 c787 | a003 0000 | 0000 0000 
  0x00000212312098c0: 49c7 87b0 | 0300 0000 | 0000 0049 | c787 a803 | 0000 0000 | 0000 c5f8 | 7749 837f | 0800 0f84 
  0x00000212312098e0: 0500 0000 | e917 76fe | ff4c 8b6d | c04c 8b75 | c84e 8d74 | f500 c348 | 8b4d d041 | 0fb7 5501 
  0x0000021231209900: 488b 4930 | 6bd2 1848 | 8d4c 1108 | 488b 1948 | 8b5b 0848 | 8b5b 0848 | 8b5b 1880 | bb20 0100 
  0x0000021231209920: 0005 0f84 | 0d00 0000 | 4c3b bb30 | 0100 000f | 851a ffff | ff0f b651 | 1548 8b19 | 4c89 6dc0 
  0x0000021231209940: 448b ea0f | b651 1449 | ba00 c9cc | 68f9 7f00 | 0049 8b14 | d252 418b | d54c 8b6d | c048 8b45 
  0x0000021231209960: d848 85c0 | 0f84 1200 | 0000 4883 | 4008 0148 | 8358 0800 | 4883 c010 | 4889 45d8 | 488b 45d8 
  0x0000021231209980: 4885 c00f | 8423 0100 | 0080 78f0 | 0a0f 8519 | 0100 0048 | 83c0 084c | 8b68 f841 | 83ed 0041 
  0x00000212312099a0: 83fd 020f | 8cf8 0000 | 004c 8b6b | 0845 0fb7 | 6d2e 4c2b | 2841 83ed | 014e 8b6c | ec08 4d85 
  0x00000212312099c0: ed75 0ef6 | 4008 0175 | 4bf0 4883 | 4808 01eb | 4345 8b6d | 084d 8bd5 | 4c33 6808 | 49f7 c5fc 
  0x00000212312099e0: ffff ff74 | 2f41 f6c5 | 0275 2948 | 8378 0800 | 741e 4883 | 7808 0174 | 174d 8bea | 4c33 6808 
  0x0000021231209a00: 49f7 c5fc | ffff ff74 | 0b48 8348 | 0802 eb04 | 4c89 6808 | 4883 c010 | 4c8b 68e8 | 4183 ed02 
  0x0000021231209a20: 4183 fd02 | 0f8c 7700 | 0000 4c8b | 6b08 450f | b76d 2e4c | 2b28 4183 | ed01 4e8b | 6cec 084d 
  0x0000021231209a40: 85ed 750e | f640 0801 | 754b f048 | 8348 0801 | eb43 458b | 6d08 4d8b | d54c 3368 | 0849 f7c5 
  0x0000021231209a60: fcff ffff | 742f 41f6 | c502 7529 | 4883 7808 | 0074 1e48 | 8378 0801 | 7417 4d8b | ea4c 3368 
  0x0000021231209a80: 0849 f7c5 | fcff ffff | 740b 4883 | 4808 02eb | 044c 8968 | 0848 83c0 | 104c 8b68 | d841 83ed 
  0x0000021231209aa0: 0441 c1e5 | 0349 03c5 | 4889 45d8 | 4c8d 6c24 | 0849 8bcd | 482b cd48 | c1f9 0348 | 894d f0ff 
  0x0000021231209ac0: 6350 660f | 1f44 0000 
[/MachCode]

---------------  P R O C E S S  ---------------

Threads class SMR info:
_java_thread_list=0x0000021240a4b060, length=9, elements={
0x000002122196df50, 0x0000021240a98a30, 0x0000021240a9b1c0, 0x0000021240aa7920,
0x0000021240aa8380, 0x0000021240a9e020, 0x0000021240aa0a90, 0x0000021240ac32d0,
0x0000021240ac5d90
}

Java Threads: ( => current thread )
=>0x000002122196df50 JavaThread "main"                              [_thread_in_vm, id=12252, stack(0x000000282bf00000,0x000000282c000000) (1024K)]
  0x0000021240a98a30 JavaThread "Reference Handler"          daemon [_thread_blocked, id=9052, stack(0x000000282c700000,0x000000282c800000) (1024K)]
  0x0000021240a9b1c0 JavaThread "Finalizer"                  daemon [_thread_blocked, id=11220, stack(0x000000282c800000,0x000000282c900000) (1024K)]
  0x0000021240aa7920 JavaThread "Signal Dispatcher"          daemon [_thread_blocked, id=15308, stack(0x000000282c900000,0x000000282ca00000) (1024K)]
  0x0000021240aa8380 JavaThread "Attach Listener"            daemon [_thread_blocked, id=8772, stack(0x000000282ca00000,0x000000282cb00000) (1024K)]
  0x0000021240a9e020 JavaThread "Service Thread"             daemon [_thread_blocked, id=20584, stack(0x000000282cb00000,0x000000282cc00000) (1024K)]
  0x0000021240aa0a90 JavaThread "Monitor Deflation Thread"   daemon [_thread_blocked, id=21320, stack(0x000000282cc00000,0x000000282cd00000) (1024K)]
  0x0000021240ac32d0 JavaThread "C2 CompilerThread0"         daemon [_thread_blocked, id=18576, stack(0x000000282cd00000,0x000000282ce00000) (1024K)]
  0x0000021240ac5d90 JavaThread "C1 CompilerThread0"         daemon [_thread_blocked, id=1752, stack(0x000000282ce00000,0x000000282cf00000) (1024K)]
Total: 9

Other Threads:
  0x0000021240a30680 VMThread "VM Thread"                           [id=21852, stack(0x000000282c600000,0x000000282c700000) (1024K)]
  0x00000212409a8070 WatcherThread "VM Periodic Task Thread"        [id=17804, stack(0x000000282c500000,0x000000282c600000) (1024K)]
  0x00000212219d68a0 WorkerThread "GC Thread#0"                     [id=19304, stack(0x000000282c000000,0x000000282c100000) (1024K)]
  0x00000212219e7810 ConcurrentGCThread "G1 Main Marker"            [id=18140, stack(0x000000282c100000,0x000000282c200000) (1024K)]
  0x00000212219e89d0 WorkerThread "G1 Conc#0"                       [id=4032, stack(0x000000282c200000,0x000000282c300000) (1024K)]
  0x0000021221a3e660 ConcurrentGCThread "G1 Refine#0"               [id=21356, stack(0x000000282c300000,0x000000282c400000) (1024K)]
  0x0000021240868310 ConcurrentGCThread "G1 Service"                [id=15000, stack(0x000000282c400000,0x000000282c500000) (1024K)]
Total: 7

Threads with active compile tasks:
Total: 0

VM state: not at safepoint (normal execution)

VM Mutex/Monitor currently owned by a thread:  ([mutex/lock_event])
[0x00007ff968cbab48] Metaspace_lock - owner thread: 0x000002122196df50

Heap address: 0x0000000701400000, size: 4076 MB, Compressed Oops mode: Zero based, Oop shift amount: 3

CDS archive(s) not mapped
Compressed class space mapped at: 0x0000000034000000-0x0000000074000000, reserved size: 1073741824
Narrow klass base: 0x0000000000000000, Narrow klass shift: 0, Narrow klass range: 0x74000000

GC Precious Log:
 CardTable entry size: 512
 Card Set container configuration: InlinePtr #cards 4 size 8 Array Of Cards #cards 16 size 48 Howl #buckets 8 coarsen threshold 3686 Howl Bitmap #cards 512 size 80 coarsen threshold 460 Card regions per heap region 1 cards per card region 4096
 CPUs: 8 total, 8 available
 Memory: 16296M
 Large Page Support: Disabled
 NUMA Support: Disabled
 Compressed Oops: Enabled (Zero based)
 Heap Region Size: 2M
 Heap Min Capacity: 8M
 Heap Initial Capacity: 256M
 Heap Max Capacity: 4076M
 Pre-touch: Disabled
 Parallel Workers: 8
 Concurrent Workers: 2
 Concurrent Refinement Workers: 8
 Periodic GC: Disabled

Heap:
 garbage-first heap   total reserved 4173824K, committed 262144K, used 0K [0x0000000701400000, 0x0000000800000000)
  region size 2048K, 1 young (2048K), 0 survivors (0K)
 Metaspace       used 3172K, committed 3200K, reserved 1114112K
  class space    used 229K, committed 256K, reserved 1048576K

Heap Regions: E=young(eden), S=young(survivor), O=old, HS=humongous(starts), HC=humongous(continues), CS=collection set, F=free, TAMS=top-at-mark-start, PB=parsable bottom
|   0|0x0000000701400000, 0x0000000701400000, 0x0000000701600000|  0%| F|  |TAMS 0x0000000701400000| PB 0x0000000701400000| Untracked |  0
|   1|0x0000000701600000, 0x0000000701600000, 0x0000000701800000|  0%| F|  |TAMS 0x0000000701600000| PB 0x0000000701600000| Untracked |  0
|   2|0x0000000701800000, 0x0000000701800000, 0x0000000701a00000|  0%| F|  |TAMS 0x0000000701800000| PB 0x0000000701800000| Untracked |  0
|   3|0x0000000701a00000, 0x0000000701a00000, 0x0000000701c00000|  0%| F|  |TAMS 0x0000000701a00000| PB 0x0000000701a00000| Untracked |  0
|   4|0x0000000701c00000, 0x0000000701c00000, 0x0000000701e00000|  0%| F|  |TAMS 0x0000000701c00000| PB 0x0000000701c00000| Untracked |  0
|   5|0x0000000701e00000, 0x0000000701e00000, 0x0000000702000000|  0%| F|  |TAMS 0x0000000701e00000| PB 0x0000000701e00000| Untracked |  0
|   6|0x0000000702000000, 0x0000000702000000, 0x0000000702200000|  0%| F|  |TAMS 0x0000000702000000| PB 0x0000000702000000| Untracked |  0
|   7|0x0000000702200000, 0x0000000702200000, 0x0000000702400000|  0%| F|  |TAMS 0x0000000702200000| PB 0x0000000702200000| Untracked |  0
|   8|0x0000000702400000, 0x0000000702400000, 0x0000000702600000|  0%| F|  |TAMS 0x0000000702400000| PB 0x0000000702400000| Untracked |  0
|   9|0x0000000702600000, 0x0000000702600000, 0x0000000702800000|  0%| F|  |TAMS 0x0000000702600000| PB 0x0000000702600000| Untracked |  0
|  10|0x0000000702800000, 0x0000000702800000, 0x0000000702a00000|  0%| F|  |TAMS 0x0000000702800000| PB 0x0000000702800000| Untracked |  0
|  11|0x0000000702a00000, 0x0000000702a00000, 0x0000000702c00000|  0%| F|  |TAMS 0x0000000702a00000| PB 0x0000000702a00000| Untracked |  0
|  12|0x0000000702c00000, 0x0000000702c00000, 0x0000000702e00000|  0%| F|  |TAMS 0x0000000702c00000| PB 0x0000000702c00000| Untracked |  0
|  13|0x0000000702e00000, 0x0000000702e00000, 0x0000000703000000|  0%| F|  |TAMS 0x0000000702e00000| PB 0x0000000702e00000| Untracked |  0
|  14|0x0000000703000000, 0x0000000703000000, 0x0000000703200000|  0%| F|  |TAMS 0x0000000703000000| PB 0x0000000703000000| Untracked |  0
|  15|0x0000000703200000, 0x0000000703200000, 0x0000000703400000|  0%| F|  |TAMS 0x0000000703200000| PB 0x0000000703200000| Untracked |  0
|  16|0x0000000703400000, 0x0000000703400000, 0x0000000703600000|  0%| F|  |TAMS 0x0000000703400000| PB 0x0000000703400000| Untracked |  0
|  17|0x0000000703600000, 0x0000000703600000, 0x0000000703800000|  0%| F|  |TAMS 0x0000000703600000| PB 0x0000000703600000| Untracked |  0
|  18|0x0000000703800000, 0x0000000703800000, 0x0000000703a00000|  0%| F|  |TAMS 0x0000000703800000| PB 0x0000000703800000| Untracked |  0
|  19|0x0000000703a00000, 0x0000000703a00000, 0x0000000703c00000|  0%| F|  |TAMS 0x0000000703a00000| PB 0x0000000703a00000| Untracked |  0
|  20|0x0000000703c00000, 0x0000000703c00000, 0x0000000703e00000|  0%| F|  |TAMS 0x0000000703c00000| PB 0x0000000703c00000| Untracked |  0
|  21|0x0000000703e00000, 0x0000000703e00000, 0x0000000704000000|  0%| F|  |TAMS 0x0000000703e00000| PB 0x0000000703e00000| Untracked |  0
|  22|0x0000000704000000, 0x0000000704000000, 0x0000000704200000|  0%| F|  |TAMS 0x0000000704000000| PB 0x0000000704000000| Untracked |  0
|  23|0x0000000704200000, 0x0000000704200000, 0x0000000704400000|  0%| F|  |TAMS 0x0000000704200000| PB 0x0000000704200000| Untracked |  0
|  24|0x0000000704400000, 0x0000000704400000, 0x0000000704600000|  0%| F|  |TAMS 0x0000000704400000| PB 0x0000000704400000| Untracked |  0
|  25|0x0000000704600000, 0x0000000704600000, 0x0000000704800000|  0%| F|  |TAMS 0x0000000704600000| PB 0x0000000704600000| Untracked |  0
|  26|0x0000000704800000, 0x0000000704800000, 0x0000000704a00000|  0%| F|  |TAMS 0x0000000704800000| PB 0x0000000704800000| Untracked |  0
|  27|0x0000000704a00000, 0x0000000704a00000, 0x0000000704c00000|  0%| F|  |TAMS 0x0000000704a00000| PB 0x0000000704a00000| Untracked |  0
|  28|0x0000000704c00000, 0x0000000704c00000, 0x0000000704e00000|  0%| F|  |TAMS 0x0000000704c00000| PB 0x0000000704c00000| Untracked |  0
|  29|0x0000000704e00000, 0x0000000704e00000, 0x0000000705000000|  0%| F|  |TAMS 0x0000000704e00000| PB 0x0000000704e00000| Untracked |  0
|  30|0x0000000705000000, 0x0000000705000000, 0x0000000705200000|  0%| F|  |TAMS 0x0000000705000000| PB 0x0000000705000000| Untracked |  0
|  31|0x0000000705200000, 0x0000000705200000, 0x0000000705400000|  0%| F|  |TAMS 0x0000000705200000| PB 0x0000000705200000| Untracked |  0
|  32|0x0000000705400000, 0x0000000705400000, 0x0000000705600000|  0%| F|  |TAMS 0x0000000705400000| PB 0x0000000705400000| Untracked |  0
|  33|0x0000000705600000, 0x0000000705600000, 0x0000000705800000|  0%| F|  |TAMS 0x0000000705600000| PB 0x0000000705600000| Untracked |  0
|  34|0x0000000705800000, 0x0000000705800000, 0x0000000705a00000|  0%| F|  |TAMS 0x0000000705800000| PB 0x0000000705800000| Untracked |  0
|  35|0x0000000705a00000, 0x0000000705a00000, 0x0000000705c00000|  0%| F|  |TAMS 0x0000000705a00000| PB 0x0000000705a00000| Untracked |  0
|  36|0x0000000705c00000, 0x0000000705c00000, 0x0000000705e00000|  0%| F|  |TAMS 0x0000000705c00000| PB 0x0000000705c00000| Untracked |  0
|  37|0x0000000705e00000, 0x0000000705e00000, 0x0000000706000000|  0%| F|  |TAMS 0x0000000705e00000| PB 0x0000000705e00000| Untracked |  0
|  38|0x0000000706000000, 0x0000000706000000, 0x0000000706200000|  0%| F|  |TAMS 0x0000000706000000| PB 0x0000000706000000| Untracked |  0
|  39|0x0000000706200000, 0x0000000706200000, 0x0000000706400000|  0%| F|  |TAMS 0x0000000706200000| PB 0x0000000706200000| Untracked |  0
|  40|0x0000000706400000, 0x0000000706400000, 0x0000000706600000|  0%| F|  |TAMS 0x0000000706400000| PB 0x0000000706400000| Untracked |  0
|  41|0x0000000706600000, 0x0000000706600000, 0x0000000706800000|  0%| F|  |TAMS 0x0000000706600000| PB 0x0000000706600000| Untracked |  0
|  42|0x0000000706800000, 0x0000000706800000, 0x0000000706a00000|  0%| F|  |TAMS 0x0000000706800000| PB 0x0000000706800000| Untracked |  0
|  43|0x0000000706a00000, 0x0000000706a00000, 0x0000000706c00000|  0%| F|  |TAMS 0x0000000706a00000| PB 0x0000000706a00000| Untracked |  0
|  44|0x0000000706c00000, 0x0000000706c00000, 0x0000000706e00000|  0%| F|  |TAMS 0x0000000706c00000| PB 0x0000000706c00000| Untracked |  0
|  45|0x0000000706e00000, 0x0000000706e00000, 0x0000000707000000|  0%| F|  |TAMS 0x0000000706e00000| PB 0x0000000706e00000| Untracked |  0
|  46|0x0000000707000000, 0x0000000707000000, 0x0000000707200000|  0%| F|  |TAMS 0x0000000707000000| PB 0x0000000707000000| Untracked |  0
|  47|0x0000000707200000, 0x0000000707200000, 0x0000000707400000|  0%| F|  |TAMS 0x0000000707200000| PB 0x0000000707200000| Untracked |  0
|  48|0x0000000707400000, 0x0000000707400000, 0x0000000707600000|  0%| F|  |TAMS 0x0000000707400000| PB 0x0000000707400000| Untracked |  0
|  49|0x0000000707600000, 0x0000000707600000, 0x0000000707800000|  0%| F|  |TAMS 0x0000000707600000| PB 0x0000000707600000| Untracked |  0
|  50|0x0000000707800000, 0x0000000707800000, 0x0000000707a00000|  0%| F|  |TAMS 0x0000000707800000| PB 0x0000000707800000| Untracked |  0
|  51|0x0000000707a00000, 0x0000000707a00000, 0x0000000707c00000|  0%| F|  |TAMS 0x0000000707a00000| PB 0x0000000707a00000| Untracked |  0
|  52|0x0000000707c00000, 0x0000000707c00000, 0x0000000707e00000|  0%| F|  |TAMS 0x0000000707c00000| PB 0x0000000707c00000| Untracked |  0
|  53|0x0000000707e00000, 0x0000000707e00000, 0x0000000708000000|  0%| F|  |TAMS 0x0000000707e00000| PB 0x0000000707e00000| Untracked |  0
|  54|0x0000000708000000, 0x0000000708000000, 0x0000000708200000|  0%| F|  |TAMS 0x0000000708000000| PB 0x0000000708000000| Untracked |  0
|  55|0x0000000708200000, 0x0000000708200000, 0x0000000708400000|  0%| F|  |TAMS 0x0000000708200000| PB 0x0000000708200000| Untracked |  0
|  56|0x0000000708400000, 0x0000000708400000, 0x0000000708600000|  0%| F|  |TAMS 0x0000000708400000| PB 0x0000000708400000| Untracked |  0
|  57|0x0000000708600000, 0x0000000708600000, 0x0000000708800000|  0%| F|  |TAMS 0x0000000708600000| PB 0x0000000708600000| Untracked |  0
|  58|0x0000000708800000, 0x0000000708800000, 0x0000000708a00000|  0%| F|  |TAMS 0x0000000708800000| PB 0x0000000708800000| Untracked |  0
|  59|0x0000000708a00000, 0x0000000708a00000, 0x0000000708c00000|  0%| F|  |TAMS 0x0000000708a00000| PB 0x0000000708a00000| Untracked |  0
|  60|0x0000000708c00000, 0x0000000708c00000, 0x0000000708e00000|  0%| F|  |TAMS 0x0000000708c00000| PB 0x0000000708c00000| Untracked |  0
|  61|0x0000000708e00000, 0x0000000708e00000, 0x0000000709000000|  0%| F|  |TAMS 0x0000000708e00000| PB 0x0000000708e00000| Untracked |  0
|  62|0x0000000709000000, 0x0000000709000000, 0x0000000709200000|  0%| F|  |TAMS 0x0000000709000000| PB 0x0000000709000000| Untracked |  0
|  63|0x0000000709200000, 0x0000000709200000, 0x0000000709400000|  0%| F|  |TAMS 0x0000000709200000| PB 0x0000000709200000| Untracked |  0
|  64|0x0000000709400000, 0x0000000709400000, 0x0000000709600000|  0%| F|  |TAMS 0x0000000709400000| PB 0x0000000709400000| Untracked |  0
|  65|0x0000000709600000, 0x0000000709600000, 0x0000000709800000|  0%| F|  |TAMS 0x0000000709600000| PB 0x0000000709600000| Untracked |  0
|  66|0x0000000709800000, 0x0000000709800000, 0x0000000709a00000|  0%| F|  |TAMS 0x0000000709800000| PB 0x0000000709800000| Untracked |  0
|  67|0x0000000709a00000, 0x0000000709a00000, 0x0000000709c00000|  0%| F|  |TAMS 0x0000000709a00000| PB 0x0000000709a00000| Untracked |  0
|  68|0x0000000709c00000, 0x0000000709c00000, 0x0000000709e00000|  0%| F|  |TAMS 0x0000000709c00000| PB 0x0000000709c00000| Untracked |  0
|  69|0x0000000709e00000, 0x0000000709e00000, 0x000000070a000000|  0%| F|  |TAMS 0x0000000709e00000| PB 0x0000000709e00000| Untracked |  0
|  70|0x000000070a000000, 0x000000070a000000, 0x000000070a200000|  0%| F|  |TAMS 0x000000070a000000| PB 0x000000070a000000| Untracked |  0
|  71|0x000000070a200000, 0x000000070a200000, 0x000000070a400000|  0%| F|  |TAMS 0x000000070a200000| PB 0x000000070a200000| Untracked |  0
|  72|0x000000070a400000, 0x000000070a400000, 0x000000070a600000|  0%| F|  |TAMS 0x000000070a400000| PB 0x000000070a400000| Untracked |  0
|  73|0x000000070a600000, 0x000000070a600000, 0x000000070a800000|  0%| F|  |TAMS 0x000000070a600000| PB 0x000000070a600000| Untracked |  0
|  74|0x000000070a800000, 0x000000070a800000, 0x000000070aa00000|  0%| F|  |TAMS 0x000000070a800000| PB 0x000000070a800000| Untracked |  0
|  75|0x000000070aa00000, 0x000000070aa00000, 0x000000070ac00000|  0%| F|  |TAMS 0x000000070aa00000| PB 0x000000070aa00000| Untracked |  0
|  76|0x000000070ac00000, 0x000000070ac00000, 0x000000070ae00000|  0%| F|  |TAMS 0x000000070ac00000| PB 0x000000070ac00000| Untracked |  0
|  77|0x000000070ae00000, 0x000000070ae00000, 0x000000070b000000|  0%| F|  |TAMS 0x000000070ae00000| PB 0x000000070ae00000| Untracked |  0
|  78|0x000000070b000000, 0x000000070b000000, 0x000000070b200000|  0%| F|  |TAMS 0x000000070b000000| PB 0x000000070b000000| Untracked |  0
|  79|0x000000070b200000, 0x000000070b200000, 0x000000070b400000|  0%| F|  |TAMS 0x000000070b200000| PB 0x000000070b200000| Untracked |  0
|  80|0x000000070b400000, 0x000000070b400000, 0x000000070b600000|  0%| F|  |TAMS 0x000000070b400000| PB 0x000000070b400000| Untracked |  0
|  81|0x000000070b600000, 0x000000070b600000, 0x000000070b800000|  0%| F|  |TAMS 0x000000070b600000| PB 0x000000070b600000| Untracked |  0
|  82|0x000000070b800000, 0x000000070b800000, 0x000000070ba00000|  0%| F|  |TAMS 0x000000070b800000| PB 0x000000070b800000| Untracked |  0
|  83|0x000000070ba00000, 0x000000070ba00000, 0x000000070bc00000|  0%| F|  |TAMS 0x000000070ba00000| PB 0x000000070ba00000| Untracked |  0
|  84|0x000000070bc00000, 0x000000070bc00000, 0x000000070be00000|  0%| F|  |TAMS 0x000000070bc00000| PB 0x000000070bc00000| Untracked |  0
|  85|0x000000070be00000, 0x000000070be00000, 0x000000070c000000|  0%| F|  |TAMS 0x000000070be00000| PB 0x000000070be00000| Untracked |  0
|  86|0x000000070c000000, 0x000000070c000000, 0x000000070c200000|  0%| F|  |TAMS 0x000000070c000000| PB 0x000000070c000000| Untracked |  0
|  87|0x000000070c200000, 0x000000070c200000, 0x000000070c400000|  0%| F|  |TAMS 0x000000070c200000| PB 0x000000070c200000| Untracked |  0
|  88|0x000000070c400000, 0x000000070c400000, 0x000000070c600000|  0%| F|  |TAMS 0x000000070c400000| PB 0x000000070c400000| Untracked |  0
|  89|0x000000070c600000, 0x000000070c600000, 0x000000070c800000|  0%| F|  |TAMS 0x000000070c600000| PB 0x000000070c600000| Untracked |  0
|  90|0x000000070c800000, 0x000000070c800000, 0x000000070ca00000|  0%| F|  |TAMS 0x000000070c800000| PB 0x000000070c800000| Untracked |  0
|  91|0x000000070ca00000, 0x000000070ca00000, 0x000000070cc00000|  0%| F|  |TAMS 0x000000070ca00000| PB 0x000000070ca00000| Untracked |  0
|  92|0x000000070cc00000, 0x000000070cc00000, 0x000000070ce00000|  0%| F|  |TAMS 0x000000070cc00000| PB 0x000000070cc00000| Untracked |  0
|  93|0x000000070ce00000, 0x000000070ce00000, 0x000000070d000000|  0%| F|  |TAMS 0x000000070ce00000| PB 0x000000070ce00000| Untracked |  0
|  94|0x000000070d000000, 0x000000070d000000, 0x000000070d200000|  0%| F|  |TAMS 0x000000070d000000| PB 0x000000070d000000| Untracked |  0
|  95|0x000000070d200000, 0x000000070d200000, 0x000000070d400000|  0%| F|  |TAMS 0x000000070d200000| PB 0x000000070d200000| Untracked |  0
|  96|0x000000070d400000, 0x000000070d400000, 0x000000070d600000|  0%| F|  |TAMS 0x000000070d400000| PB 0x000000070d400000| Untracked |  0
|  97|0x000000070d600000, 0x000000070d600000, 0x000000070d800000|  0%| F|  |TAMS 0x000000070d600000| PB 0x000000070d600000| Untracked |  0
|  98|0x000000070d800000, 0x000000070d800000, 0x000000070da00000|  0%| F|  |TAMS 0x000000070d800000| PB 0x000000070d800000| Untracked |  0
|  99|0x000000070da00000, 0x000000070da00000, 0x000000070dc00000|  0%| F|  |TAMS 0x000000070da00000| PB 0x000000070da00000| Untracked |  0
| 100|0x000000070dc00000, 0x000000070dc00000, 0x000000070de00000|  0%| F|  |TAMS 0x000000070dc00000| PB 0x000000070dc00000| Untracked |  0
| 101|0x000000070de00000, 0x000000070de00000, 0x000000070e000000|  0%| F|  |TAMS 0x000000070de00000| PB 0x000000070de00000| Untracked |  0
| 102|0x000000070e000000, 0x000000070e000000, 0x000000070e200000|  0%| F|  |TAMS 0x000000070e000000| PB 0x000000070e000000| Untracked |  0
| 103|0x000000070e200000, 0x000000070e200000, 0x000000070e400000|  0%| F|  |TAMS 0x000000070e200000| PB 0x000000070e200000| Untracked |  0
| 104|0x000000070e400000, 0x000000070e400000, 0x000000070e600000|  0%| F|  |TAMS 0x000000070e400000| PB 0x000000070e400000| Untracked |  0
| 105|0x000000070e600000, 0x000000070e600000, 0x000000070e800000|  0%| F|  |TAMS 0x000000070e600000| PB 0x000000070e600000| Untracked |  0
| 106|0x000000070e800000, 0x000000070e800000, 0x000000070ea00000|  0%| F|  |TAMS 0x000000070e800000| PB 0x000000070e800000| Untracked |  0
| 107|0x000000070ea00000, 0x000000070ea00000, 0x000000070ec00000|  0%| F|  |TAMS 0x000000070ea00000| PB 0x000000070ea00000| Untracked |  0
| 108|0x000000070ec00000, 0x000000070ec00000, 0x000000070ee00000|  0%| F|  |TAMS 0x000000070ec00000| PB 0x000000070ec00000| Untracked |  0
| 109|0x000000070ee00000, 0x000000070ee00000, 0x000000070f000000|  0%| F|  |TAMS 0x000000070ee00000| PB 0x000000070ee00000| Untracked |  0
| 110|0x000000070f000000, 0x000000070f000000, 0x000000070f200000|  0%| F|  |TAMS 0x000000070f000000| PB 0x000000070f000000| Untracked |  0
| 111|0x000000070f200000, 0x000000070f200000, 0x000000070f400000|  0%| F|  |TAMS 0x000000070f200000| PB 0x000000070f200000| Untracked |  0
| 112|0x000000070f400000, 0x000000070f400000, 0x000000070f600000|  0%| F|  |TAMS 0x000000070f400000| PB 0x000000070f400000| Untracked |  0
| 113|0x000000070f600000, 0x000000070f600000, 0x000000070f800000|  0%| F|  |TAMS 0x000000070f600000| PB 0x000000070f600000| Untracked |  0
| 114|0x000000070f800000, 0x000000070f800000, 0x000000070fa00000|  0%| F|  |TAMS 0x000000070f800000| PB 0x000000070f800000| Untracked |  0
| 115|0x000000070fa00000, 0x000000070fa00000, 0x000000070fc00000|  0%| F|  |TAMS 0x000000070fa00000| PB 0x000000070fa00000| Untracked |  0
| 116|0x000000070fc00000, 0x000000070fc00000, 0x000000070fe00000|  0%| F|  |TAMS 0x000000070fc00000| PB 0x000000070fc00000| Untracked |  0
| 117|0x000000070fe00000, 0x000000070fe00000, 0x0000000710000000|  0%| F|  |TAMS 0x000000070fe00000| PB 0x000000070fe00000| Untracked |  0
| 118|0x0000000710000000, 0x0000000710000000, 0x0000000710200000|  0%| F|  |TAMS 0x0000000710000000| PB 0x0000000710000000| Untracked |  0
| 119|0x0000000710200000, 0x0000000710200000, 0x0000000710400000|  0%| F|  |TAMS 0x0000000710200000| PB 0x0000000710200000| Untracked |  0
| 120|0x0000000710400000, 0x0000000710400000, 0x0000000710600000|  0%| F|  |TAMS 0x0000000710400000| PB 0x0000000710400000| Untracked |  0
| 121|0x0000000710600000, 0x0000000710600000, 0x0000000710800000|  0%| F|  |TAMS 0x0000000710600000| PB 0x0000000710600000| Untracked |  0
| 122|0x0000000710800000, 0x0000000710800000, 0x0000000710a00000|  0%| F|  |TAMS 0x0000000710800000| PB 0x0000000710800000| Untracked |  0
| 123|0x0000000710a00000, 0x0000000710a00000, 0x0000000710c00000|  0%| F|  |TAMS 0x0000000710a00000| PB 0x0000000710a00000| Untracked |  0
| 124|0x0000000710c00000, 0x0000000710c00000, 0x0000000710e00000|  0%| F|  |TAMS 0x0000000710c00000| PB 0x0000000710c00000| Untracked |  0
| 125|0x0000000710e00000, 0x0000000710e00000, 0x0000000711000000|  0%| F|  |TAMS 0x0000000710e00000| PB 0x0000000710e00000| Untracked |  0
| 126|0x0000000711000000, 0x0000000711000000, 0x0000000711200000|  0%| F|  |TAMS 0x0000000711000000| PB 0x0000000711000000| Untracked |  0
| 127|0x0000000711200000, 0x0000000711370b90, 0x0000000711400000| 72%| E|  |TAMS 0x0000000711200000| PB 0x0000000711200000| Complete |  0

Card table byte_map: [0x00000212397f0000,0x0000021239ff0000] _byte_map_base: 0x0000021235fe6000

Marking Bits: (CMBitMap*) 0x00000212219d6ec0
 Bits: [0x0000021239ff0000, 0x000002123dfa0000)

Polling page: 0x000002121fb10000

Metaspace:

Usage:
  Non-class:      2.87 MB used.
      Class:    229.45 KB used.
       Both:      3.10 MB used.

Virtual space:
  Non-class space:       64.00 MB reserved,       2.88 MB (  4%) committed,  1 nodes.
      Class space:        1.00 GB reserved,     256.00 KB ( <1%) committed,  1 nodes.
             Both:        1.06 GB reserved,       3.12 MB ( <1%) committed. 

Chunk freelists:
   Non-Class:  12.00 MB
       Class:  15.75 MB
        Both:  27.75 MB

MaxMetaspaceSize: unlimited
CompressedClassSpaceSize: 1.00 GB
Initial GC threshold: 21.00 MB
Current GC threshold: 21.00 MB
CDS: off
 - commit_granule_bytes: 65536.
 - commit_granule_words: 8192.
 - virtual_space_node_default_size: 8388608.
 - enlarge_chunks_in_place: 1.
 - use_allocation_guard: 0.


Internal statistics:

num_allocs_failed_limit: 0.
num_arena_births: 2.
num_arena_deaths: 0.
num_vsnodes_births: 2.
num_vsnodes_deaths: 0.
num_space_committed: 50.
num_space_uncommitted: 0.
num_chunks_returned_to_freelist: 0.
num_chunks_taken_from_freelist: 3.
num_chunk_merges: 0.
num_chunk_splits: 2.
num_chunks_enlarged: 0.
num_inconsistent_stats: 0.

CodeHeap 'non-profiled nmethods': size=120000Kb used=0Kb max_used=0Kb free=120000Kb
 bounds [0x0000021231790000, 0x0000021231a00000, 0x0000021238cc0000]
CodeHeap 'profiled nmethods': size=120000Kb used=3Kb max_used=3Kb free=119997Kb
 bounds [0x0000021229cc0000, 0x0000021229f30000, 0x00000212311f0000]
CodeHeap 'non-nmethods': size=5760Kb used=1145Kb max_used=1158Kb free=4614Kb
 bounds [0x00000212311f0000, 0x0000021231460000, 0x0000021231790000]
 total_blobs=285 nmethods=3 adapters=188
 compilation: enabled
              stopped_count=0, restarted_count=0
 full_count=0

Compilation events (6 events):
Event: 0.133 Thread 0x0000021240ac5d90    1       3       java.lang.StringLatin1::charAt (15 bytes)
Event: 0.134 Thread 0x0000021240ac5d90 nmethod 1 0x0000021229cc0010 code [0x0000021229cc01c0, 0x0000021229cc0388]
Event: 0.134 Thread 0x0000021240ac5d90    2       3       jdk.internal.util.ArraysSupport::signedHashCode (37 bytes)
Event: 0.134 Thread 0x0000021240ac5d90 nmethod 2 0x0000021229cc0490 code [0x0000021229cc0640, 0x0000021229cc0810]
Event: 0.135 Thread 0x0000021240ac5d90    3       3       java.lang.Object::<init> (1 bytes)
Event: 0.135 Thread 0x0000021240ac5d90 nmethod 3 0x0000021229cc0910 code [0x0000021229cc0aa0, 0x0000021229cc0ba8]

GC Heap History (0 events):
No events

Dll operation events (2 events):
Event: 0.015 Loaded shared library C:\Users\User\.jdks\openjdk-22\bin\java.dll
Event: 0.133 Loaded shared library C:\Users\User\.jdks\openjdk-22\bin\jsvml.dll

Deoptimization events (0 events):
No events

Classes loaded (20 events):
Event: 0.134 Loading class java/util/HexFormat
Event: 0.134 Loading class java/util/HexFormat done
Event: 0.135 Loading class java/util/HexFormat$Case
Event: 0.135 Loading class java/util/HexFormat$Case done
Event: 0.135 Loading class java/lang/Character$CharacterCache
Event: 0.135 Loading class java/lang/Character$CharacterCache done
Event: 0.135 Loading class java/util/concurrent/atomic/AtomicInteger
Event: 0.136 Loading class java/util/concurrent/atomic/AtomicInteger done
Event: 0.136 Loading class jdk/internal/module/ModuleBootstrap
Event: 0.137 Loading class jdk/internal/module/ModuleBootstrap done
Event: 0.137 Loading class java/lang/module/ModuleDescriptor
Event: 0.138 Loading class java/lang/module/ModuleDescriptor done
Event: 0.138 Loading class java/lang/invoke/MethodHandles
Event: 0.139 Loading class java/lang/invoke/MethodHandles done
Event: 0.139 Loading class java/lang/invoke/MemberName$Factory
Event: 0.140 Loading class java/lang/invoke/MemberName$Factory done
Event: 0.140 Loading class java/lang/invoke/MethodHandles$Lookup
Event: 0.141 Loading class java/lang/invoke/MethodHandles$Lookup done
Event: 0.141 Loading class java/lang/StrictMath
Event: 0.142 Loading class java/lang/StrictMath done

Classes unloaded (0 events):
No events

Classes redefined (0 events):
No events

Internal exceptions (0 events):
No events

ZGC Phase Switch (0 events):
No events

VM Operations (0 events):
No events

Events (9 events):
Event: 0.028 Thread 0x000002122196df50 Thread added: 0x000002122196df50
Event: 0.128 Thread 0x0000021240a98a30 Thread added: 0x0000021240a98a30
Event: 0.128 Thread 0x0000021240a9b1c0 Thread added: 0x0000021240a9b1c0
Event: 0.131 Thread 0x0000021240aa7920 Thread added: 0x0000021240aa7920
Event: 0.131 Thread 0x0000021240aa8380 Thread added: 0x0000021240aa8380
Event: 0.131 Thread 0x0000021240a9e020 Thread added: 0x0000021240a9e020
Event: 0.131 Thread 0x0000021240aa0a90 Thread added: 0x0000021240aa0a90
Event: 0.131 Thread 0x0000021240ac32d0 Thread added: 0x0000021240ac32d0
Event: 0.132 Thread 0x0000021240ac5d90 Thread added: 0x0000021240ac5d90


Dynamic libraries:
0x00007ff6eabe0000 - 0x00007ff6eabee000 	C:\Users\User\.jdks\openjdk-22\bin\java.exe
0x00007ff9b7fd0000 - 0x00007ff9b81c8000 	C:\Windows\SYSTEM32\ntdll.dll
0x00007ff9b67d0000 - 0x00007ff9b6891000 	C:\Windows\System32\KERNEL32.DLL
0x00007ff9b5c10000 - 0x00007ff9b5f0d000 	C:\Windows\System32\KERNELBASE.dll
0x00007ff9b57a0000 - 0x00007ff9b58a0000 	C:\Windows\System32\ucrtbase.dll
0x00007ff99d880000 - 0x00007ff99d89b000 	C:\Users\User\.jdks\openjdk-22\bin\VCRUNTIME140.dll
0x00007ff9a15a0000 - 0x00007ff9a15b7000 	C:\Users\User\.jdks\openjdk-22\bin\jli.dll
0x00007ff9b6410000 - 0x00007ff9b65ad000 	C:\Windows\System32\USER32.dll
0x00007ff9a1f10000 - 0x00007ff9a21aa000 	C:\Windows\WinSxS\amd64_microsoft.windows.common-controls_6595b64144ccf1df_6.0.19041.4355_none_60b8b9eb71f62e16\COMCTL32.dll
0x00007ff9b5b70000 - 0x00007ff9b5b92000 	C:\Windows\System32\win32u.dll
0x00007ff9b7e90000 - 0x00007ff9b7f2e000 	C:\Windows\System32\msvcrt.dll
0x00007ff9b7320000 - 0x00007ff9b734b000 	C:\Windows\System32\GDI32.dll
0x00007ff9b5680000 - 0x00007ff9b5797000 	C:\Windows\System32\gdi32full.dll
0x00007ff9b5f60000 - 0x00007ff9b5ffd000 	C:\Windows\System32\msvcp_win.dll
0x00007ff9b7bc0000 - 0x00007ff9b7bef000 	C:\Windows\System32\IMM32.DLL
0x00007ff9aead0000 - 0x00007ff9aeadc000 	C:\Users\User\.jdks\openjdk-22\bin\vcruntime140_1.dll
0x00007ff981090000 - 0x00007ff98111e000 	C:\Users\User\.jdks\openjdk-22\bin\msvcp140.dll
0x00007ff968050000 - 0x00007ff968d98000 	C:\Users\User\.jdks\openjdk-22\bin\server\jvm.dll
0x00007ff9b6710000 - 0x00007ff9b67c0000 	C:\Windows\System32\ADVAPI32.dll
0x00007ff9b77c0000 - 0x00007ff9b7860000 	C:\Windows\System32\sechost.dll
0x00007ff9b62e0000 - 0x00007ff9b6403000 	C:\Windows\System32\RPCRT4.dll
0x00007ff9b58a0000 - 0x00007ff9b58c7000 	C:\Windows\System32\bcrypt.dll
0x00007ff9b6a80000 - 0x00007ff9b6aeb000 	C:\Windows\System32\WS2_32.dll
0x00007ff9b5270000 - 0x00007ff9b52bb000 	C:\Windows\SYSTEM32\POWRPROF.dll
0x00007ff9abe20000 - 0x00007ff9abe47000 	C:\Windows\SYSTEM32\WINMM.dll
0x00007ff9b2360000 - 0x00007ff9b236a000 	C:\Windows\SYSTEM32\VERSION.dll
0x00007ff9b4ce0000 - 0x00007ff9b4cf2000 	C:\Windows\SYSTEM32\UMPDC.dll
0x00007ff9b26f0000 - 0x00007ff9b2702000 	C:\Windows\SYSTEM32\kernel.appcore.dll
0x00007ff9a1460000 - 0x00007ff9a146a000 	C:\Users\User\.jdks\openjdk-22\bin\jimage.dll
0x00007ff9b5080000 - 0x00007ff9b5264000 	C:\Windows\SYSTEM32\DBGHELP.DLL
0x00007ff9a0930000 - 0x00007ff9a0964000 	C:\Windows\SYSTEM32\dbgcore.DLL
0x00007ff9b58d0000 - 0x00007ff9b5952000 	C:\Windows\System32\bcryptPrimitives.dll
0x00007ff9aeae0000 - 0x00007ff9aeaef000 	C:\Users\User\.jdks\openjdk-22\bin\instrument.dll
0x00007ff9957e0000 - 0x00007ff9957fe000 	C:\Users\User\.jdks\openjdk-22\bin\java.dll
0x00007ff9b6bb0000 - 0x00007ff9b731f000 	C:\Windows\System32\SHELL32.dll
0x00007ff9b61b0000 - 0x00007ff9b62db000 	C:\Windows\System32\ole32.dll
0x00007ff9b7860000 - 0x00007ff9b7bb3000 	C:\Windows\System32\combase.dll
0x00007ff9b28f0000 - 0x00007ff9b3093000 	C:\Windows\SYSTEM32\windows.storage.dll
0x00007ff9b49a0000 - 0x00007ff9b49ce000 	C:\Windows\SYSTEM32\Wldp.dll
0x00007ff9b6640000 - 0x00007ff9b670d000 	C:\Windows\System32\OLEAUT32.dll
0x00007ff9b6950000 - 0x00007ff9b69fd000 	C:\Windows\System32\SHCORE.dll
0x00007ff9b7ce0000 - 0x00007ff9b7d35000 	C:\Windows\System32\shlwapi.dll
0x00007ff9b55b0000 - 0x00007ff9b55d4000 	C:\Windows\SYSTEM32\profapi.dll
0x00007ff97f5d0000 - 0x00007ff97f6a7000 	C:\Users\User\.jdks\openjdk-22\bin\jsvml.dll

dbghelp: loaded successfully - version: 4.0.5 - missing functions: none
symbol engine: initialized successfully - sym options: 0x614 - pdb path: .;C:\Users\User\.jdks\openjdk-22\bin;C:\Windows\SYSTEM32;C:\Windows\WinSxS\amd64_microsoft.windows.common-controls_6595b64144ccf1df_6.0.19041.4355_none_60b8b9eb71f62e16;C:\Users\User\.jdks\openjdk-22\bin\server

VM Arguments:
jvm_args: -javaagent:C:\Program Files\JetBrains\IntelliJ IDEA Community Edition 2023.3.5\lib\idea_rt.jar=5291:C:\Program Files\JetBrains\IntelliJ IDEA Community Edition 2023.3.5\bin -Dfile.encoding=UTF-8 -Dsun.stdout.encoding=UTF-8 -Dsun.stderr.encoding=UTF-8 
java_command: javaOOP.program
java_class_path (initial): C:\Users\User\Desktop\PROGRAMMING STUDIES\Итоговая контрольная работа по блоку специализация\Part 4. Java OOP\untitled\target\classes
Launcher Type: SUN_STANDARD

[Global flags]
     intx CICompilerCount                          = 4                                         {product} {ergonomic}
     uint ConcGCThreads                            = 2                                         {product} {ergonomic}
     uint G1ConcRefinementThreads                  = 8                                         {product} {ergonomic}
   size_t G1HeapRegionSize                         = 2097152                                   {product} {ergonomic}
   size_t InitialHeapSize                          = 268435456                                 {product} {ergonomic}
   size_t MarkStackSize                            = 4194304                                   {product} {ergonomic}
   size_t MaxHeapSize                              = 4273995776                                {product} {ergonomic}
   size_t MaxNewSize                               = 2562719744                                {product} {ergonomic}
   size_t MinHeapDeltaBytes                        = 2097152                                   {product} {ergonomic}
   size_t MinHeapSize                              = 8388608                                   {product} {ergonomic}
    uintx NonNMethodCodeHeapSize                   = 5839372                                {pd product} {ergonomic}
    uintx NonProfiledCodeHeapSize                  = 122909434                              {pd product} {ergonomic}
    uintx ProfiledCodeHeapSize                     = 122909434                              {pd product} {ergonomic}
    uintx ReservedCodeCacheSize                    = 251658240                              {pd product} {ergonomic}
     bool SegmentedCodeCache                       = true                                      {product} {ergonomic}
   size_t SoftMaxHeapSize                          = 4273995776                             {manageable} {ergonomic}
     bool UseCompressedOops                        = true                           {product lp64_product} {ergonomic}
     bool UseG1GC                                  = true                                      {product} {ergonomic}
     bool UseLargePagesIndividualAllocation        = false                                  {pd product} {ergonomic}

Logging:
Log output configuration:
 #0: stdout all=warning uptime,level,tags foldmultilines=false
 #1: stderr all=off uptime,level,tags foldmultilines=false

Environment Variables:
PATH=C:\Program Files\Common Files\Oracle\Java\javapath;C:\Windows\system32;C:\Windows;C:\Windows\System32\Wbem;C:\Windows\System32\WindowsPowerShell\v1.0\;C:\Windows\System32\OpenSSH\;C:\Program Files (x86)\NVIDIA Corporation\PhysX\Common;C:\mainA\програмирование\Git\cmd;C:\Program Files\Microsoft SQL Server\Client SDK\ODBC\170\Tools\Binn\;C:\Program Files\dotnet\;C:\Program Files (x86)\Windows Kits\10\Windows Performance Toolkit\;C:\Program Files\NVIDIA Corporation\NVIDIA NvDLISR;C:\Program Files\MySQL\MySQL Shell 8.0\bin\;C:\Users\User\AppData\Local\Programs\Python\Python312\Scripts\;C:\Users\User\AppData\Local\Programs\Python\Python312\;C:\Users\User\AppData\Local\Microsoft\WindowsApps;C:\mainA\програмирование\Microsoft VS Code\bin;C:\Users\User\.dotnet\tools;C:\Program Files\JetBrains\PyCharm Community Edition 2023.3.3\bin;;C:\Program Files\JetBrains\IntelliJ IDEA Community Edition 2023.3.5\bin;
USERNAME=User
OS=Windows_NT
PROCESSOR_IDENTIFIER=Intel64 Family 6 Model 60 Stepping 3, GenuineIntel
TMP=C:\Users\User\AppData\Local\Temp
TEMP=C:\Users\User\AppData\Local\Temp




Periodic native trim disabled

---------------  S Y S T E M  ---------------

OS:
 Windows 10 , 64 bit Build 19041 (10.0.19041.4842)
OS uptime: 47 days 0:04 hours

CPU: total 8 (initial active 8) (4 cores per cpu, 2 threads per core) family 6 model 60 stepping 3 microcode 0x27, cx8, cmov, fxsr, ht, mmx, sse, sse2, sse3, ssse3, sse4.1, sse4.2, popcnt, lzcnt, tsc, tscinvbit, avx, avx2, aes, erms, clmul, bmi1, bmi2, fma, vzeroupper, clflush, rdtscp, f16c
Processor Information for all 8 processors :
  Max Mhz: 2501, Current Mhz: 2500, Mhz Limit: 2475

Memory: 4k page, system-wide physical 16296M (4311M free)
TotalPageFile size 20296M (AvailPageFile size 347M)
current process WorkingSet (physical memory assigned to process): 25M, peak: 25M
current process commit charge ("private bytes"): 329M, peak: 335M

vm_info: OpenJDK 64-Bit Server VM (22+36-2370) for windows-amd64 JRE (22+36-2370), built on 2024-02-15T22:15:19Z by "mach5one" with MS VC++ 17.6 (VS2022)

END.
